<?xml version="1.0" encoding="UTF-8"?>
<!-- Generated by org.testng.reporters.JUnitReportReporter -->
<testsuite hostname="DESKTOP-O21U291" failures="0" tests="1" name="runners.TestRunner" time="135.743" errors="0" timestamp="2025-09-02T17:27:43 IST" skipped="0">
  <testcase classname="runners.TestRunner" name="runScenario" time="135.743"/>
</testsuite> <!-- runners.TestRunner -->
